<?xml version="1.0" encoding="UTF-8"?>
<!-- Generated by org.testng.reporters.JUnitReportReporter -->
<testsuite hostname="DESKTOP-PUJ2SID" failures="0" tests="1" name="Trademart_Testcases.Trademart_Search_TestClass" time="150.541" errors="0" timestamp="2024-03-26T11:57:21 IST" skipped="0">
  <testcase classname="Trademart_Testcases.Trademart_Search_TestClass" name="Trademart_Search" time="150.541"/>
  <system-out/>
</testsuite> <!-- Trademart_Testcases.Trademart_Search_TestClass -->
