<?xml version="1.0" encoding="UTF-8"?>
<!-- Generated by org.testng.reporters.JUnitReportReporter -->
<testsuite hostname="DESKTOP-PUJ2SID" failures="0" tests="1" name="Trademart_Testcases.Trademart_ManageGroupandPhotoBank_TestClass" time="78.567" errors="0" timestamp="2024-03-28T10:04:50 IST" skipped="0">
  <testcase classname="Trademart_Testcases.Trademart_ManageGroupandPhotoBank_TestClass" name="Trademart_ManageBuyingRequirementSeller" time="78.567"/>
  <system-out/>
</testsuite> <!-- Trademart_Testcases.Trademart_ManageGroupandPhotoBank_TestClass -->
