<?xml version="1.0" encoding="UTF-8"?>
<!-- Generated by org.testng.reporters.JUnitReportReporter -->
<testsuite hostname="DESKTOP-PUJ2SID" failures="0" tests="1" name="Trademart_Testcases.Trademart_ManageBuyingRequirementSeller_TestClass" time="66.175" errors="0" timestamp="2024-03-27T15:28:45 IST" skipped="0">
  <testcase classname="Trademart_Testcases.Trademart_ManageBuyingRequirementSeller_TestClass" name="Trademart_ManageBuyingRequirementSeller" time="66.175"/>
  <system-out/>
</testsuite> <!-- Trademart_Testcases.Trademart_ManageBuyingRequirementSeller_TestClass -->
