<?xml version="1.0" encoding="UTF-8"?>
<!-- Generated by org.testng.reporters.JUnitReportReporter -->
<testsuite hostname="DESKTOP-PUJ2SID" failures="0" tests="1" name="Trademart_Testcases.Trademart_Signup_TestClass" time="84.981" errors="0" timestamp="2024-03-21T12:20:39 IST" skipped="0">
  <testcase classname="Trademart_Testcases.Trademart_Signup_TestClass" name="Signup_TestClass" time="84.981"/>
  <system-out/>
</testsuite> <!-- Trademart_Testcases.Trademart_Signup_TestClass -->
